<?xml version="1.0" encoding="UTF-8"?>
<testsuite xmlns:xsi="http://www.w3.org/2001/XMLSchema-instance" xsi:noNamespaceSchemaLocation="https://maven.apache.org/surefire/maven-surefire-plugin/xsd/surefire-test-report-3.0.xsd" version="3.0" name="hellocucumber.RunCucumberTest" time="0.09" tests="3" errors="0" skipped="0" failures="0">
  <properties>
    <property name="awt.toolkit" value="sun.awt.X11.XToolkit"/>
    <property name="java.specification.version" value="11"/>
    <property name="sun.cpu.isalist" value=""/>
    <property name="sun.jnu.encoding" value="ANSI_X3.4-1968"/>
    <property name="java.class.path" value="/codes/mvn_bdd/hellocucumber/target/test-classes:/codes/mvn_bdd/hellocucumber/target/classes:/root/.m2/repository/io/cucumber/cucumber-java/7.16.1/cucumber-java-7.16.1.jar:/root/.m2/repository/io/cucumber/cucumber-core/7.16.1/cucumber-core-7.16.1.jar:/root/.m2/repository/io/cucumber/cucumber-gherkin/7.16.1/cucumber-gherkin-7.16.1.jar:/root/.m2/repository/io/cucumber/cucumber-gherkin-messages/7.16.1/cucumber-gherkin-messages-7.16.1.jar:/root/.m2/repository/io/cucumber/gherkin/28.0.0/gherkin-28.0.0.jar:/root/.m2/repository/io/cucumber/messages/24.1.0/messages-24.1.0.jar:/root/.m2/repository/io/cucumber/tag-expressions/6.1.0/tag-expressions-6.1.0.jar:/root/.m2/repository/io/cucumber/cucumber-expressions/17.1.0/cucumber-expressions-17.1.0.jar:/root/.m2/repository/io/cucumber/datatable/7.16.1/datatable-7.16.1.jar:/root/.m2/repository/io/cucumber/cucumber-plugin/7.16.1/cucumber-plugin-7.16.1.jar:/root/.m2/repository/io/cucumber/docstring/7.16.1/docstring-7.16.1.jar:/root/.m2/repository/io/cucumber/html-formatter/21.3.0/html-formatter-21.3.0.jar:/root/.m2/repository/io/cucumber/junit-xml-formatter/0.3.0/junit-xml-formatter-0.3.0.jar:/root/.m2/repository/io/cucumber/ci-environment/10.0.1/ci-environment-10.0.1.jar:/root/.m2/repository/org/apiguardian/apiguardian-api/1.1.2/apiguardian-api-1.1.2.jar:/root/.m2/repository/io/cucumber/cucumber-junit-platform-engine/7.16.1/cucumber-junit-platform-engine-7.16.1.jar:/root/.m2/repository/org/junit/platform/junit-platform-engine/1.10.2/junit-platform-engine-1.10.2.jar:/root/.m2/repository/org/opentest4j/opentest4j/1.3.0/opentest4j-1.3.0.jar:/root/.m2/repository/org/junit/platform/junit-platform-commons/1.10.2/junit-platform-commons-1.10.2.jar:/root/.m2/repository/org/junit/platform/junit-platform-suite/1.10.2/junit-platform-suite-1.10.2.jar:/root/.m2/repository/org/junit/platform/junit-platform-suite-api/1.10.2/junit-platform-suite-api-1.10.2.jar:/root/.m2/repository/org/junit/platform/junit-platform-suite-engine/1.10.2/junit-platform-suite-engine-1.10.2.jar:/root/.m2/repository/org/junit/platform/junit-platform-suite-commons/1.10.2/junit-platform-suite-commons-1.10.2.jar:/root/.m2/repository/org/junit/platform/junit-platform-launcher/1.10.2/junit-platform-launcher-1.10.2.jar:/root/.m2/repository/org/junit/jupiter/junit-jupiter/5.10.2/junit-jupiter-5.10.2.jar:/root/.m2/repository/org/junit/jupiter/junit-jupiter-api/5.10.2/junit-jupiter-api-5.10.2.jar:/root/.m2/repository/org/junit/jupiter/junit-jupiter-params/5.10.2/junit-jupiter-params-5.10.2.jar:/root/.m2/repository/org/junit/jupiter/junit-jupiter-engine/5.10.2/junit-jupiter-engine-5.10.2.jar:"/>
    <property name="java.vm.vendor" value="Ubuntu"/>
    <property name="sun.arch.data.model" value="64"/>
    <property name="java.vendor.url" value="https://ubuntu.com/"/>
    <property name="user.timezone" value="Europe/London"/>
    <property name="java.vm.specification.version" value="11"/>
    <property name="os.name" value="Linux"/>
    <property name="sun.java.launcher" value="SUN_STANDARD"/>
    <property name="user.country" value="US"/>
    <property name="sun.boot.library.path" value="/usr/lib/jvm/java-11-openjdk-arm64/lib"/>
    <property name="sun.java.command" value="/codes/mvn_bdd/hellocucumber/target/surefire/surefirebooter-20240408154800215_3.jar /codes/mvn_bdd/hellocucumber/target/surefire 2024-04-08T15-48-00_176-jvmRun1 surefire-20240408154800215_1tmp surefire_0-20240408154800215_2tmp"/>
    <property name="jdk.debug" value="release"/>
    <property name="surefire.test.class.path" value="/codes/mvn_bdd/hellocucumber/target/test-classes:/codes/mvn_bdd/hellocucumber/target/classes:/root/.m2/repository/io/cucumber/cucumber-java/7.16.1/cucumber-java-7.16.1.jar:/root/.m2/repository/io/cucumber/cucumber-core/7.16.1/cucumber-core-7.16.1.jar:/root/.m2/repository/io/cucumber/cucumber-gherkin/7.16.1/cucumber-gherkin-7.16.1.jar:/root/.m2/repository/io/cucumber/cucumber-gherkin-messages/7.16.1/cucumber-gherkin-messages-7.16.1.jar:/root/.m2/repository/io/cucumber/gherkin/28.0.0/gherkin-28.0.0.jar:/root/.m2/repository/io/cucumber/messages/24.1.0/messages-24.1.0.jar:/root/.m2/repository/io/cucumber/tag-expressions/6.1.0/tag-expressions-6.1.0.jar:/root/.m2/repository/io/cucumber/cucumber-expressions/17.1.0/cucumber-expressions-17.1.0.jar:/root/.m2/repository/io/cucumber/datatable/7.16.1/datatable-7.16.1.jar:/root/.m2/repository/io/cucumber/cucumber-plugin/7.16.1/cucumber-plugin-7.16.1.jar:/root/.m2/repository/io/cucumber/docstring/7.16.1/docstring-7.16.1.jar:/root/.m2/repository/io/cucumber/html-formatter/21.3.0/html-formatter-21.3.0.jar:/root/.m2/repository/io/cucumber/junit-xml-formatter/0.3.0/junit-xml-formatter-0.3.0.jar:/root/.m2/repository/io/cucumber/ci-environment/10.0.1/ci-environment-10.0.1.jar:/root/.m2/repository/org/apiguardian/apiguardian-api/1.1.2/apiguardian-api-1.1.2.jar:/root/.m2/repository/io/cucumber/cucumber-junit-platform-engine/7.16.1/cucumber-junit-platform-engine-7.16.1.jar:/root/.m2/repository/org/junit/platform/junit-platform-engine/1.10.2/junit-platform-engine-1.10.2.jar:/root/.m2/repository/org/opentest4j/opentest4j/1.3.0/opentest4j-1.3.0.jar:/root/.m2/repository/org/junit/platform/junit-platform-commons/1.10.2/junit-platform-commons-1.10.2.jar:/root/.m2/repository/org/junit/platform/junit-platform-suite/1.10.2/junit-platform-suite-1.10.2.jar:/root/.m2/repository/org/junit/platform/junit-platform-suite-api/1.10.2/junit-platform-suite-api-1.10.2.jar:/root/.m2/repository/org/junit/platform/junit-platform-suite-engine/1.10.2/junit-platform-suite-engine-1.10.2.jar:/root/.m2/repository/org/junit/platform/junit-platform-suite-commons/1.10.2/junit-platform-suite-commons-1.10.2.jar:/root/.m2/repository/org/junit/platform/junit-platform-launcher/1.10.2/junit-platform-launcher-1.10.2.jar:/root/.m2/repository/org/junit/jupiter/junit-jupiter/5.10.2/junit-jupiter-5.10.2.jar:/root/.m2/repository/org/junit/jupiter/junit-jupiter-api/5.10.2/junit-jupiter-api-5.10.2.jar:/root/.m2/repository/org/junit/jupiter/junit-jupiter-params/5.10.2/junit-jupiter-params-5.10.2.jar:/root/.m2/repository/org/junit/jupiter/junit-jupiter-engine/5.10.2/junit-jupiter-engine-5.10.2.jar:"/>
    <property name="sun.cpu.endian" value="little"/>
    <property name="user.home" value="/root"/>
    <property name="user.language" value="en"/>
    <property name="java.specification.vendor" value="Oracle Corporation"/>
    <property name="java.version.date" value="2024-01-16"/>
    <property name="java.home" value="/usr/lib/jvm/java-11-openjdk-arm64"/>
    <property name="file.separator" value="/"/>
    <property name="basedir" value="/codes/mvn_bdd/hellocucumber"/>
    <property name="java.vm.compressedOopsMode" value="32-bit"/>
    <property name="line.separator" value="&#10;"/>
    <property name="java.specification.name" value="Java Platform API Specification"/>
    <property name="java.vm.specification.vendor" value="Oracle Corporation"/>
    <property name="java.awt.graphicsenv" value="sun.awt.X11GraphicsEnvironment"/>
    <property name="surefire.real.class.path" value="/codes/mvn_bdd/hellocucumber/target/surefire/surefirebooter-20240408154800215_3.jar"/>
    <property name="sun.management.compiler" value="HotSpot 64-Bit Tiered Compilers"/>
    <property name="java.runtime.version" value="11.0.22+7-post-Ubuntu-0ubuntu222.04.1"/>
    <property name="user.name" value="root"/>
    <property name="path.separator" value=":"/>
    <property name="os.version" value="6.3.13-linuxkit"/>
    <property name="java.runtime.name" value="OpenJDK Runtime Environment"/>
    <property name="file.encoding" value="ANSI_X3.4-1968"/>
    <property name="java.vm.name" value="OpenJDK 64-Bit Server VM"/>
    <property name="localRepository" value="/root/.m2/repository"/>
    <property name="java.vendor.url.bug" value="https://bugs.launchpad.net/ubuntu/+source/openjdk-lts"/>
    <property name="java.io.tmpdir" value="/tmp"/>
    <property name="java.version" value="11.0.22"/>
    <property name="user.dir" value="/codes/mvn_bdd/hellocucumber"/>
    <property name="os.arch" value="aarch64"/>
    <property name="java.vm.specification.name" value="Java Virtual Machine Specification"/>
    <property name="java.awt.printerjob" value="sun.print.PSPrinterJob"/>
    <property name="sun.os.patch.level" value="unknown"/>
    <property name="java.library.path" value="/usr/java/packages/lib:/usr/lib/aarch64-linux-gnu/jni:/lib/aarch64-linux-gnu:/usr/lib/aarch64-linux-gnu:/usr/lib/jni:/lib:/usr/lib"/>
    <property name="java.vm.info" value="mixed mode"/>
    <property name="java.vendor" value="Ubuntu"/>
    <property name="java.vm.version" value="11.0.22+7-post-Ubuntu-0ubuntu222.04.1"/>
    <property name="java.specification.maintenance.version" value="2"/>
    <property name="sun.io.unicode.encoding" value="UnicodeLittle"/>
    <property name="java.class.version" value="55.0"/>
  </properties>
  <testcase name="The example" classname="An example" time="0.029">
    <system-out><![CDATA[
Scenario: The example                       &amp#27;[90m# hellocucumber/example.feature:3&amp#27;[0m
  &amp#27;[32mGiven &amp#27;[0m&amp#27;[32man example scenario&amp#27;[0m                 &amp#27;[90m# hellocucumber.StepDefinitions.anExampleScenario()&amp#27;[0m
  &amp#27;[32mWhen &amp#27;[0m&amp#27;[32mall step definitions are implemented&amp#27;[0m &amp#27;[90m# hellocucumber.StepDefinitions.allStepDefinitionsAreImplemented()&amp#27;[0m
  &amp#27;[32mThen &amp#27;[0m&amp#27;[32mthe scenario passes&amp#27;[0m                  &amp#27;[90m# hellocucumber.StepDefinitions.theScenarioPasses()&amp#27;[0m
]]></system-out>
  </testcase>
  <testcase name="Sunday isn&apos;t Friday" classname="Is it Friday yet?" time="0.005">
    <system-out><![CDATA[
Scenario: Sunday isn't Friday        &amp#27;[90m# hellocucumber/isItFriday.feature:4&amp#27;[0m
  &amp#27;[32mGiven &amp#27;[0m&amp#27;[32mtoday is &amp#27;[0m&amp#27;[32m&amp#27;[1m"Sunday"&amp#27;[0m            &amp#27;[90m# hellocucumber.Friday.todayIsSunday(java.lang.String)&amp#27;[0m
  &amp#27;[32mWhen &amp#27;[0m&amp#27;[32mI ask whether it's Friday yet&amp#27;[0m &amp#27;[90m# hellocucumber.Friday.IaskWhetherisFridayYet()&amp#27;[0m
  &amp#27;[32mThen &amp#27;[0m&amp#27;[32mI should be told &amp#27;[0m&amp#27;[32m&amp#27;[1m"N"&amp#27;[0m          &amp#27;[90m# hellocucumber.Friday.IShouldBeTold(java.lang.String)&amp#27;[0m
]]></system-out>
  </testcase>
  <testcase name="Sunday is Sunday" classname="Is it Friday yet?" time="0.002">
    <system-out><![CDATA[
Scenario: Sunday is Sunday           &amp#27;[90m# hellocucumber/isItFriday.feature:9&amp#27;[0m
  &amp#27;[32mGiven &amp#27;[0m&amp#27;[32mtoday is &amp#27;[0m&amp#27;[32m&amp#27;[1m"Sunday"&amp#27;[0m            &amp#27;[90m# hellocucumber.Friday.todayIsSunday(java.lang.String)&amp#27;[0m
  &amp#27;[32mWhen &amp#27;[0m&amp#27;[32mI ask whether it's Sunday yet&amp#27;[0m &amp#27;[90m# hellocucumber.Friday.isSundayYet()&amp#27;[0m
  &amp#27;[32mThen &amp#27;[0m&amp#27;[32mI should be told &amp#27;[0m&amp#27;[32m&amp#27;[1m"YY"&amp#27;[0m         &amp#27;[90m# hellocucumber.Friday.IShouldBeTold(java.lang.String)&amp#27;[0m
]]></system-out>
  </testcase>
</testsuite>